<?xml version="1.0" encoding="UTF-8"?>
<!-- Generated by org.testng.reporters.JUnitReportReporter -->
<testsuite hostname="SHUBHAM" failures="0" tests="3" name="programs.LoginModule" time="21.322" errors="0" timestamp="2023-06-23T13:16:03 IST" skipped="2">
  <testcase classname="programs.LoginModule" name="validateLogin" time="21.322"/>
  <system-out/>
  <testcase classname="programs.LoginModule" name="gmailVerification">
    <skipped/>
  </testcase> <!-- gmailVerification -->
  <system-out/>
  <testcase classname="programs.LoginModule" name="signUp">
    <skipped/>
  </testcase> <!-- signUp -->
  <system-out/>
</testsuite> <!-- programs.LoginModule -->
